app/build/intermediates/manifest_merge_blame_file/debug/manifest-merger-blame-debug-report.txt
1<?xml version="1.0" encoding="utf-8"?>
2<manifest xmlns:android="http://schemas.android.com/apk/res/android"
3    package="com.omaraly.photoweatherapp"
4    android:versionCode="1"
5    android:versionName="1.0" >
6
7    <uses-sdk
8        android:minSdkVersion="23"
8-->src\main\AndroidManifest.xml
9        android:targetSdkVersion="30" />
9-->src\main\AndroidManifest.xml
10
11    <uses-permission android:name="android.permission.ACCESS_COARSE_LOCATION" />
11-->src\main\AndroidManifest.xml:6:5-81
11-->src\main\AndroidManifest.xml:6:22-78
12    <uses-permission android:name="android.permission.INTERNET" />
12-->src\main\AndroidManifest.xml:7:5-67
12-->src\main\AndroidManifest.xml:7:22-64
13    <uses-permission android:name="android.permission.CAMERA" />
13-->src\main\AndroidManifest.xml:8:5-65
13-->src\main\AndroidManifest.xml:8:22-62
14    <uses-permission android:name="android.permission.READ_EXTERNAL_STORAGE" />
14-->src\main\AndroidManifest.xml:9:5-80
14-->src\main\AndroidManifest.xml:9:22-77
15    <uses-permission android:name="android.permission.WRITE_EXTERNAL_STORAGE" />
15-->src\main\AndroidManifest.xml:10:5-81
15-->src\main\AndroidManifest.xml:10:22-78
16    <uses-permission android:name="android.permission.ACCESS_FINE_LOCATION" />
16-->src\main\AndroidManifest.xml:11:5-79
16-->src\main\AndroidManifest.xml:11:22-76
17
18    <application
18-->src\main\AndroidManifest.xml:13:5-42:19
19        android:allowBackup="true"
19-->src\main\AndroidManifest.xml:14:9-35
20        android:appComponentFactory="androidx.core.app.CoreComponentFactory"
20-->[androidx.core:core:1.3.1] AndroidManifest.xml:24:18-86
21        android:debuggable="true"
22        android:extractNativeLibs="false"
23        android:icon="@mipmap/ic_launcher"
23-->src\main\AndroidManifest.xml:15:9-43
24        android:label="@string/app_name"
24-->src\main\AndroidManifest.xml:16:9-41
25        android:requestLegacyExternalStorage="true"
25-->src\main\AndroidManifest.xml:19:9-52
26        android:roundIcon="@mipmap/ic_launcher"
26-->src\main\AndroidManifest.xml:17:9-48
27        android:supportsRtl="true"
27-->src\main\AndroidManifest.xml:18:9-35
28        android:testOnly="true"
29        android:theme="@style/AppTheme" >
29-->src\main\AndroidManifest.xml:20:9-40
30        <activity android:name="com.omaraly.photoweatherapp.Activities.ShowCardActivity" />
30-->src\main\AndroidManifest.xml:21:9-74
30-->src\main\AndroidManifest.xml:21:19-62
31        <activity android:name="com.omaraly.photoweatherapp.Activities.SplashActivity" >
31-->src\main\AndroidManifest.xml:22:9-28:20
31-->src\main\AndroidManifest.xml:22:19-60
32            <intent-filter>
32-->src\main\AndroidManifest.xml:23:13-27:29
33                <action android:name="android.intent.action.MAIN" />
33-->src\main\AndroidManifest.xml:24:17-69
33-->src\main\AndroidManifest.xml:24:25-66
34
35                <category android:name="android.intent.category.LAUNCHER" />
35-->src\main\AndroidManifest.xml:26:17-77
35-->src\main\AndroidManifest.xml:26:27-74
36            </intent-filter>
37        </activity>
38        <activity android:name="com.omaraly.photoweatherapp.Activities.MainActivity" />
38-->src\main\AndroidManifest.xml:29:9-61
38-->src\main\AndroidManifest.xml:29:19-58
39
40        <provider
41            android:name="androidx.core.content.FileProvider"
41-->src\main\AndroidManifest.xml:33:13-62
42            android:authorities="com.omaraly.photoweatherapp.provider"
42-->src\main\AndroidManifest.xml:34:13-60
43            android:exported="false"
43-->src\main\AndroidManifest.xml:35:13-37
44            android:grantUriPermissions="true" >
44-->src\main\AndroidManifest.xml:36:13-47
45            <meta-data
45-->src\main\AndroidManifest.xml:37:13-39:58
46                android:name="android.support.FILE_PROVIDER_PATHS"
46-->src\main\AndroidManifest.xml:38:17-67
47                android:resource="@xml/provider_paths" />
47-->src\main\AndroidManifest.xml:39:17-55
48        </provider>
49        <provider
49-->[com.squareup.picasso:picasso:2.71828] AndroidManifest.xml:8:9-11:40
50            android:name="com.squareup.picasso.PicassoProvider"
50-->[com.squareup.picasso:picasso:2.71828] AndroidManifest.xml:9:13-64
51            android:authorities="com.omaraly.photoweatherapp.com.squareup.picasso"
51-->[com.squareup.picasso:picasso:2.71828] AndroidManifest.xml:10:13-72
52            android:exported="false" />
52-->[com.squareup.picasso:picasso:2.71828] AndroidManifest.xml:11:13-37
53
54        <service
54-->[androidx.room:room-runtime:2.2.5] AndroidManifest.xml:25:9-28:40
55            android:name="androidx.room.MultiInstanceInvalidationService"
55-->[androidx.room:room-runtime:2.2.5] AndroidManifest.xml:26:13-74
56            android:directBootAware="true"
56-->[androidx.room:room-runtime:2.2.5] AndroidManifest.xml:27:13-43
57            android:exported="false" />
57-->[androidx.room:room-runtime:2.2.5] AndroidManifest.xml:28:13-37
58
59        <provider
59-->[androidx.lifecycle:lifecycle-process:2.2.0] AndroidManifest.xml:25:9-29:43
60            android:name="androidx.lifecycle.ProcessLifecycleOwnerInitializer"
60-->[androidx.lifecycle:lifecycle-process:2.2.0] AndroidManifest.xml:26:13-79
61            android:authorities="com.omaraly.photoweatherapp.lifecycle-process"
61-->[androidx.lifecycle:lifecycle-process:2.2.0] AndroidManifest.xml:27:13-69
62            android:exported="false"
62-->[androidx.lifecycle:lifecycle-process:2.2.0] AndroidManifest.xml:28:13-37
63            android:multiprocess="true" />
63-->[androidx.lifecycle:lifecycle-process:2.2.0] AndroidManifest.xml:29:13-40
64    </application>
65
66</manifest>